	Command being timed: "../cmake-build-debug/./test_binary_hash random_nodes.txt random_nodes_queries.txt random_nodes.idx 1"
	User time (seconds): 10.97
	System time (seconds): 24.76
	Percent of CPU this job got: 99%
	Elapsed (wall clock) time (h:mm:ss or m:ss): 0:35.98
	Average shared text size (kbytes): 0
	Average unshared data size (kbytes): 0
	Average stack size (kbytes): 0
	Average total size (kbytes): 0
	Maximum resident set size (kbytes): 49264
	Average resident set size (kbytes): 0
	Major (requiring I/O) page faults: 1
	Minor (reclaiming a frame) page faults: 3275
	Voluntary context switches: 9
	Involuntary context switches: 10673
	Swaps: 0
	File system inputs: 0
	File system outputs: 0
	Socket messages sent: 0
	Socket messages received: 0
	Signals delivered: 0
	Page size (bytes): 16384
	Exit status: 0
